# JRE version: Java(TM) SE Runtime Environment (11.0+28) (build 11+28)
# Java VM: Java HotSpot(TM) 64-Bit Server VM (11+28, mixed mode, tiered, compressed oops, g1 gc, windows-amd64)
Heap:
 garbage-first heap   total 45056K, used 14203K [0x0000000700000000, 0x0000000800000000)
  region size 1024K, 2 young (2048K), 0 survivors (0K)
 Metaspace       used 34869K, capacity 35831K, committed 36560K, reserved 1081344K
  class space    used 4354K, capacity 4754K, committed 4992K, reserved 1048576K
GC Heap History (10 events):
Event: 42716.532 GC heap before
{Heap before GC invocations=4033 (full 4023):
 garbage-first heap   total 45056K, used 14203K [0x0000000700000000, 0x0000000800000000)
  region size 1024K, 2 young (2048K), 0 survivors (0K)
 Metaspace       used 34869K, capacity 35831K, committed 36560K, reserved 1081344K
  class space    used 4354K, capacity 4754K, committed 4992K, reserved 1048576K
}
Event: 42716.582 GC heap after
{Heap after GC invocations=4034 (full 4024):
 garbage-first heap   total 45056K, used 13179K [0x0000000700000000, 0x0000000800000000)
  region size 1024K, 0 young (0K), 0 survivors (0K)
 Metaspace       used 34869K, capacity 35831K, committed 36560K, reserved 1081344K
  class space    used 4354K, capacity 4754K, committed 4992K, reserved 1048576K
}
Event: 42726.831 GC heap before
{Heap before GC invocations=4034 (full 4024):
 garbage-first heap   total 45056K, used 14203K [0x0000000700000000, 0x0000000800000000)
  region size 1024K, 2 young (2048K), 0 survivors (0K)
 Metaspace       used 34869K, capacity 35831K, committed 36560K, reserved 1081344K
  class space    used 4354K, capacity 4754K, committed 4992K, reserved 1048576K
}
Event: 42726.865 GC heap after
{Heap after GC invocations=4035 (full 4025):
 garbage-first heap   total 45056K, used 13179K [0x0000000700000000, 0x0000000800000000)
  region size 1024K, 0 young (0K), 0 survivors (0K)
 Metaspace       used 34869K, capacity 35831K, committed 36560K, reserved 1081344K
  class space    used 4354K, capacity 4754K, committed 4992K, reserved 1048576K
}
Event: 42737.127 GC heap before
{Heap before GC invocations=4035 (full 4025):
 garbage-first heap   total 45056K, used 14203K [0x0000000700000000, 0x0000000800000000)
  region size 1024K, 2 young (2048K), 0 survivors (0K)
 Metaspace       used 34869K, capacity 35831K, committed 36560K, reserved 1081344K
  class space    used 4354K, capacity 4754K, committed 4992K, reserved 1048576K
}
Event: 42737.172 GC heap after
{Heap after GC invocations=4036 (full 4026):
 garbage-first heap   total 45056K, used 13179K [0x0000000700000000, 0x0000000800000000)
  region size 1024K, 0 young (0K), 0 survivors (0K)
 Metaspace       used 34869K, capacity 35831K, committed 36560K, reserved 1081344K
  class space    used 4354K, capacity 4754K, committed 4992K, reserved 1048576K
}
Event: 42747.476 GC heap before
{Heap before GC invocations=4036 (full 4026):
 garbage-first heap   total 45056K, used 14203K [0x0000000700000000, 0x0000000800000000)
  region size 1024K, 2 young (2048K), 0 survivors (0K)
 Metaspace       used 34869K, capacity 35831K, committed 36560K, reserved 1081344K
  class space    used 4354K, capacity 4754K, committed 4992K, reserved 1048576K
}
Event: 42747.519 GC heap after
{Heap after GC invocations=4037 (full 4027):
 garbage-first heap   total 45056K, used 13179K [0x0000000700000000, 0x0000000800000000)
  region size 1024K, 0 young (0K), 0 survivors (0K)
 Metaspace       used 34869K, capacity 35831K, committed 36560K, reserved 1081344K
  class space    used 4354K, capacity 4754K, committed 4992K, reserved 1048576K
}
Event: 42757.791 GC heap before
{Heap before GC invocations=4037 (full 4027):
 garbage-first heap   total 45056K, used 14203K [0x0000000700000000, 0x0000000800000000)
  region size 1024K, 2 young (2048K), 0 survivors (0K)
 Metaspace       used 34869K, capacity 35831K, committed 36560K, reserved 1081344K
  class space    used 4354K, capacity 4754K, committed 4992K, reserved 1048576K
}
Event: 42757.844 GC heap after
{Heap after GC invocations=4038 (full 4028):
 garbage-first heap   total 45056K, used 13179K [0x0000000700000000, 0x0000000800000000)
  region size 1024K, 0 young (0K), 0 survivors (0K)
 Metaspace       used 34869K, capacity 35831K, committed 36560K, reserved 1081344K
  class space    used 4354K, capacity 4754K, committed 4992K, reserved 1048576K
}

